生成启动时间为 2014/9/17 22:00:52。
     1>项目“D:\laser\MB_ICP new\MB_ICP\MB_ICP\MB_ICP.vcxproj”在节点 2 上(Build 个目标)。
     1>InitializeBuildStatus:
         正在创建“Debug\MB_ICP.unsuccessfulbuild”，因为已指定“AlwaysCreate”。
       ClCompile:
         所有输出均为最新。
         C:\Program Files\Microsoft Visual Studio 11.0\VC\bin\CL.exe /c /ZI /nologo /W3 /WX- /Od /Oy- /D WIN32 /D _DEBUG /D _CONSOLE /D _UNICODE /D UNICODE /Gm /EHsc /RTC1 /MDd /GS /fp:precise /Zc:wchar_t /Zc:forScope /Yu"stdafx.h" /Fp"Debug\MB_ICP.pch" /Fo"Debug\\" /Fd"Debug\vc110.pdb" /Gd /TP /analyze- /errorReport:prompt MB_ICP.cpp
         MB_ICP.cpp
     1>d:\laser\mb_icp new\mb_icp\mb_icp\mb_icp.cpp(96): warning C4996: '_snprintf': This function or variable may be unsafe. Consider using _snprintf_s instead. To disable deprecation, use _CRT_SECURE_NO_WARNINGS. See online help for details.
                 c:\program files\microsoft visual studio 11.0\vc\include\stdio.h(349) : 参见“_snprintf”的声明
     1>d:\laser\mb_icp new\mb_icp\mb_icp\mb_icp.cpp(196): warning C4996: '_snprintf': This function or variable may be unsafe. Consider using _snprintf_s instead. To disable deprecation, use _CRT_SECURE_NO_WARNINGS. See online help for details.
                 c:\program files\microsoft visual studio 11.0\vc\include\stdio.h(349) : 参见“_snprintf”的声明
     1>d:\laser\mb_icp new\mb_icp\mb_icp\mb_icp.cpp(265): warning C4996: '_snprintf': This function or variable may be unsafe. Consider using _snprintf_s instead. To disable deprecation, use _CRT_SECURE_NO_WARNINGS. See online help for details.
                 c:\program files\microsoft visual studio 11.0\vc\include\stdio.h(349) : 参见“_snprintf”的声明
     1>d:\laser\mb_icp new\mb_icp\mb_icp\mb_icp.cpp(359): warning C4996: '_snprintf': This function or variable may be unsafe. Consider using _snprintf_s instead. To disable deprecation, use _CRT_SECURE_NO_WARNINGS. See online help for details.
                 c:\program files\microsoft visual studio 11.0\vc\include\stdio.h(349) : 参见“_snprintf”的声明
     1>d:\laser\mb_icp new\mb_icp\mb_icp\mb_icp.cpp(437): warning C4996: '_snprintf': This function or variable may be unsafe. Consider using _snprintf_s instead. To disable deprecation, use _CRT_SECURE_NO_WARNINGS. See online help for details.
                 c:\program files\microsoft visual studio 11.0\vc\include\stdio.h(349) : 参见“_snprintf”的声明
     1>d:\laser\mb_icp new\mb_icp\mb_icp\mb_icp.cpp(462): warning C4996: '_snprintf': This function or variable may be unsafe. Consider using _snprintf_s instead. To disable deprecation, use _CRT_SECURE_NO_WARNINGS. See online help for details.
                 c:\program files\microsoft visual studio 11.0\vc\include\stdio.h(349) : 参见“_snprintf”的声明
     1>d:\laser\mb_icp new\mb_icp\mb_icp\mb_icp.cpp(636): warning C4996: '_snprintf': This function or variable may be unsafe. Consider using _snprintf_s instead. To disable deprecation, use _CRT_SECURE_NO_WARNINGS. See online help for details.
                 c:\program files\microsoft visual studio 11.0\vc\include\stdio.h(349) : 参见“_snprintf”的声明
     1>d:\laser\mb_icp new\mb_icp\mb_icp\mb_icp.cpp(637): warning C4996: 'fopen': This function or variable may be unsafe. Consider using fopen_s instead. To disable deprecation, use _CRT_SECURE_NO_WARNINGS. See online help for details.
                 c:\program files\microsoft visual studio 11.0\vc\include\stdio.h(218) : 参见“fopen”的声明
     1>d:\laser\mb_icp new\mb_icp\mb_icp\mb_icp.cpp(678): warning C4996: 'itoa': The POSIX name for this item is deprecated. Instead, use the ISO C++ conformant name: _itoa. See online help for details.
                 c:\program files\microsoft visual studio 11.0\vc\include\stdlib.h(909) : 参见“itoa”的声明
     1>d:\laser\mb_icp new\mb_icp\mb_icp\mb_icp.cpp(692): warning C4996: 'itoa': The POSIX name for this item is deprecated. Instead, use the ISO C++ conformant name: _itoa. See online help for details.
                 c:\program files\microsoft visual studio 11.0\vc\include\stdlib.h(909) : 参见“itoa”的声明
     1>d:\laser\mb_icp new\mb_icp\mb_icp\mb_icp.cpp(709): warning C4244: “=”: 从“double”转换到“float”，可能丢失数据
     1>d:\laser\mb_icp new\mb_icp\mb_icp\mb_icp.cpp(712): warning C4244: “=”: 从“double”转换到“float”，可能丢失数据
     1>d:\laser\mb_icp new\mb_icp\mb_icp\mb_icp.cpp(721): warning C4244: “=”: 从“double”转换到“float”，可能丢失数据
     1>d:\laser\mb_icp new\mb_icp\mb_icp\mb_icp.cpp(722): warning C4244: “=”: 从“double”转换到“float”，可能丢失数据
     1>d:\laser\mb_icp new\mb_icp\mb_icp\mb_icp.cpp(723): warning C4244: “=”: 从“double”转换到“float”，可能丢失数据
     1>d:\laser\mb_icp new\mb_icp\mb_icp\mb_icp.cpp(754): warning C4996: 'itoa': The POSIX name for this item is deprecated. Instead, use the ISO C++ conformant name: _itoa. See online help for details.
                 c:\program files\microsoft visual studio 11.0\vc\include\stdlib.h(909) : 参见“itoa”的声明
     1>d:\laser\mb_icp new\mb_icp\mb_icp\mb_icp.cpp(768): warning C4996: 'itoa': The POSIX name for this item is deprecated. Instead, use the ISO C++ conformant name: _itoa. See online help for details.
                 c:\program files\microsoft visual studio 11.0\vc\include\stdlib.h(909) : 参见“itoa”的声明
     1>d:\laser\mb_icp new\mb_icp\mb_icp\mb_icp.cpp(785): warning C4244: “=”: 从“double”转换到“float”，可能丢失数据
     1>d:\laser\mb_icp new\mb_icp\mb_icp\mb_icp.cpp(788): warning C4244: “=”: 从“double”转换到“float”，可能丢失数据
     1>d:\laser\mb_icp new\mb_icp\mb_icp\mb_icp.cpp(797): warning C4244: “=”: 从“double”转换到“float”，可能丢失数据
     1>d:\laser\mb_icp new\mb_icp\mb_icp\mb_icp.cpp(798): warning C4244: “=”: 从“double”转换到“float”，可能丢失数据
     1>d:\laser\mb_icp new\mb_icp\mb_icp\mb_icp.cpp(799): warning C4244: “=”: 从“double”转换到“float”，可能丢失数据
     1>d:\laser\mb_icp new\mb_icp\mb_icp\mb_icp.cpp(832): warning C4996: 'itoa': The POSIX name for this item is deprecated. Instead, use the ISO C++ conformant name: _itoa. See online help for details.
                 c:\program files\microsoft visual studio 11.0\vc\include\stdlib.h(909) : 参见“itoa”的声明
     1>d:\laser\mb_icp new\mb_icp\mb_icp\mb_icp.cpp(846): warning C4996: 'itoa': The POSIX name for this item is deprecated. Instead, use the ISO C++ conformant name: _itoa. See online help for details.
                 c:\program files\microsoft visual studio 11.0\vc\include\stdlib.h(909) : 参见“itoa”的声明
     1>d:\laser\mb_icp new\mb_icp\mb_icp\mb_icp.cpp(863): warning C4244: “=”: 从“double”转换到“float”，可能丢失数据
     1>d:\laser\mb_icp new\mb_icp\mb_icp\mb_icp.cpp(866): warning C4244: “=”: 从“double”转换到“float”，可能丢失数据
     1>d:\laser\mb_icp new\mb_icp\mb_icp\mb_icp.cpp(875): warning C4244: “=”: 从“double”转换到“float”，可能丢失数据
     1>d:\laser\mb_icp new\mb_icp\mb_icp\mb_icp.cpp(876): warning C4244: “=”: 从“double”转换到“float”，可能丢失数据
     1>d:\laser\mb_icp new\mb_icp\mb_icp\mb_icp.cpp(877): warning C4244: “=”: 从“double”转换到“float”，可能丢失数据
     1>d:\laser\mb_icp new\mb_icp\mb_icp\mb_icp.cpp(961): warning C4244: “=”: 从“double”转换到“float”，可能丢失数据
     1>d:\laser\mb_icp new\mb_icp\mb_icp\mb_icp.cpp(967): warning C4996: 'itoa': The POSIX name for this item is deprecated. Instead, use the ISO C++ conformant name: _itoa. See online help for details.
                 c:\program files\microsoft visual studio 11.0\vc\include\stdlib.h(909) : 参见“itoa”的声明
     1>d:\laser\mb_icp new\mb_icp\mb_icp\mb_icp.cpp(992): warning C4244: “=”: 从“double”转换到“float”，可能丢失数据
     1>d:\laser\mb_icp new\mb_icp\mb_icp\mb_icp.cpp(998): warning C4996: 'itoa': The POSIX name for this item is deprecated. Instead, use the ISO C++ conformant name: _itoa. See online help for details.
                 c:\program files\microsoft visual studio 11.0\vc\include\stdlib.h(909) : 参见“itoa”的声明
     1>d:\laser\mb_icp new\mb_icp\mb_icp\mb_icp.cpp(1018): warning C4244: “=”: 从“double”转换到“float”，可能丢失数据
     1>d:\laser\mb_icp new\mb_icp\mb_icp\mb_icp.cpp(1019): warning C4244: “=”: 从“double”转换到“float”，可能丢失数据
     1>d:\laser\mb_icp new\mb_icp\mb_icp\mb_icp.cpp(1020): warning C4244: “=”: 从“double”转换到“float”，可能丢失数据
       Link:
         C:\Program Files\Microsoft Visual Studio 11.0\VC\bin\link.exe /ERRORREPORT:PROMPT /OUT:"D:\laser\MB_ICP new\MB_ICP\Debug\MB_ICP.exe" /INCREMENTAL /NOLOGO mbicp.lib MatrixVCDLL.lib opencv_calib3d248d.lib opencv_contrib248d.lib opencv_core248d.lib opencv_features2d248d.lib opencv_flann248d.lib opencv_gpu248d.lib opencv_highgui248d.lib opencv_imgproc248d.lib opencv_legacy248d.lib opencv_ml248d.lib opencv_nonfree248d.lib opencv_objdetect248d.lib opencv_photo248d.lib opencv_stitching248d.lib opencv_ts248d.lib opencv_video248d.lib opencv_videostab248d.lib opencv_calib3d248.lib opencv_contrib248.lib opencv_core248.lib opencv_features2d248.lib opencv_flann248.lib opencv_gpu248.lib opencv_highgui248.lib opencv_imgproc248.lib opencv_legacy248.lib opencv_ml248.lib opencv_nonfree248.lib opencv_objdetect248.lib opencv_photo248.lib opencv_stitching248.lib opencv_ts248.lib opencv_video248.lib opencv_videostab248.lib kernel32.lib user32.lib gdi32.lib winspool.lib comdlg32.lib advapi32.lib shell32.lib ole32.lib oleaut32.lib uuid.lib odbc32.lib odbccp32.lib /MANIFEST:NO /DEBUG /PDB:"D:\laser\MB_ICP new\MB_ICP\Debug\MB_ICP.pdb" /SUBSYSTEM:CONSOLE /TLBID:1 /DYNAMICBASE /NXCOMPAT /IMPLIB:"D:\laser\MB_ICP new\MB_ICP\Debug\MB_ICP.lib" /MACHINE:X86 Debug\mbicp.obj
         Debug\MB_ICP.obj
         Debug\Param.obj
         Debug\readflaot.obj
         Debug\stdafx.obj
         Debug\utility.obj
         MB_ICP.vcxproj -> D:\laser\MB_ICP new\MB_ICP\Debug\MB_ICP.exe
       FinalizeBuildStatus:
         正在删除文件“Debug\MB_ICP.unsuccessfulbuild”。
         正在对“Debug\MB_ICP.lastbuildstate”执行 Touch 任务。
     1>已完成生成项目“D:\laser\MB_ICP new\MB_ICP\MB_ICP\MB_ICP.vcxproj”(Build 个目标)的操作。

生成成功。

已用时间 00:00:03.60
